kudu_ssh_user@8fe41cdd82fc:/$ # Install all the missing packages that the built server needs
npm install ws class-variance-authority clsx tailwind-merge react react-dom wouter @tanstack/react-query

# Or install all dependencies from the original development package.json
npm install express express-session connect-pg-simple @neondatabase/serverless drizzle-orm drizzle-zod nodemailer zod zod-validation-error memoizee memorystore passport passport-local ws @hookform/resolvers @radix-ui/react-accordion @radix-ui/react-alert-dialog @radix-ui/react-aspect-ratio @radix-ui/react-avatar @radix-ui/react-checkbox @radix-ui/react-collapsible @radix-ui/react-context-menu @radix-ui/react-dialog @radix-ui/react-dropdown-menu @radix-ui/react-hover-card @radix-ui/react-label @radix-ui/react-menubar @radix-ui/react-navigation-menu @radix-ui/react-popover @radix-ui/react-progress @radix-ui/react-radio-group @radix-ui/react-scroll-area @radix-ui/react-select @radix-ui/react-separator @radix-ui/react-slider @radix-ui/react-slot @radix-ui/react-switch @radix-ui/react-tabs @radix-ui/react-toast @radix-ui/react-toggle @radix-ui/react-toggle-group @radix-ui/react-tooltip @tanstack/react-query class-variance-authority clsx cmdk date-fns embla-carousel-react framer-motion input-otp lucide-react next-themes react react-day-picker react-dom react-hook-form react-icons react-resizable-panels recharts tailwind-merge tailwindcss-animate tw-animate-css vaul wouter

# Then try running the server
node index.js
npm ERR! Tracker "idealTree" already exists

npm ERR! A complete log of this run can be found in: /home/.npm/_logs/2025-08-03T04_29_31_416Z-debug-0.log
npm ERR! Tracker "idealTree" already exists

npm ERR! A complete log of this run can be found in: /home/.npm/_logs/2025-08-03T04_29_32_132Z-debug-0.log
node:internal/modules/cjs/loader:1080
  throw err;
  ^

Error: Cannot find module '/home/index.js'
    at Module._resolveFilename (node:internal/modules/cjs/loader:1077:15)
    at Module._load (node:internal/modules/cjs/loader:922:27)
    at Function.executeUserEntryPoint [as runMain] (node:internal/modules/run_main:81:12)
    at node:internal/main/run_main_module:23:47 {
  code: 'MODULE_NOT_FOUND',
  requireStack: []
}